Standard logit.
Checking inputs.
Inputs have been checked and look fine.
Creating data arrays for run.
Creating draws.
Start estimation
The negative of the log-likelihood is minimized,
which is the same as maximizing the log-likelihood.
                                                        First-order 
 Iteration  Func-count       f(x)        Step-size       optimality
     0           1          1630.34                           787
     1           3          1488.86    0.000383803            285  
     2           4          1460.42              1            158  
     3           5          1425.85              1           73.7  
     4           6          1419.09              1           75.8  
     5           7          1411.93              1           32.4  
     6           8          1410.76              1           23.5  
     7           9          1410.21              1           25.3  
     8          10          1409.67              1             23  
     9          11          1408.78              1           28.3  
    10          12          1407.84              1           26.7  
    11          13          1407.17              1           14.3  
    12          14          1406.75              1           14.4  
    13          15          1406.25              1           17.3  
    14          16          1405.46              1           29.7  
    15          17          1404.53              1           30.6  
    16          18          1403.92              1           16.7  
    17          19          1403.69              1           10.9  
    18          20          1403.55              1           10.3  
    19          21           1403.3              1           16.4  
                                                        First-order 
 Iteration  Func-count       f(x)        Step-size       optimality
    20          22          1402.77              1           28.3  
    21          23          1401.85              1           35.7  
    22          24          1400.89              1           27.5  
    23          25          1400.41              1           9.27  
    24          26          1400.29              1           6.42  
    25          27          1400.23              1           6.36  
    26          28          1400.08              1           12.2  
    27          29          1399.83              1           17.4  
    28          30          1399.48              1           17.1  
    29          31          1399.26              1           9.17  
    30          32           1399.2              1            1.9  
    31          33          1399.19              1         0.0749  
    32          34          1399.19              1         0.0144  
    33          35          1399.19              1        0.00067  
Optimization terminated: relative infinity-norm of gradient less than options.TolFun.
 
Estimation took 0.018293 minutes.
 
Convergence achieved.
Value of the log-likelihood function at convergence: -1399.1932
 
Taking inverse of hessian for standard errors.
 
The value of grad*inv(hessian)*grad is: 1.7836e-009
RESULTS
 
 
FIXED COEFFICIENTS
 
                      F      
              ------------------ 
                Est         SE 
price         -0.4167     0.0332
opcost        -0.1288     0.0353
range          0.4770     0.1765
ev            -1.3924     0.2766
hybrid         0.3555     0.1218
hiperf         0.1099     0.0838
medhiperf      0.3841     0.0855
 
 
ESTIMATED PARAMETERS AND FULL COVARIANCE MATRIX.
The estimated values of the parameters are:

paramhat =

   -0.4167
   -0.1288
    0.4770
   -1.3924
    0.3555
    0.1099
    0.3841

The covariance matrix for these parameters is:

ihess =

    0.0011   -0.0001   -0.0002   -0.0017   -0.0022    0.0000   -0.0002
   -0.0001    0.0012   -0.0001    0.0039    0.0025   -0.0001    0.0000
   -0.0002   -0.0001    0.0311   -0.0413    0.0003   -0.0002   -0.0000
   -0.0017    0.0039   -0.0413    0.0765    0.0131    0.0000   -0.0000
   -0.0022    0.0025    0.0003    0.0131    0.0148   -0.0001    0.0001
    0.0000   -0.0001   -0.0002    0.0000   -0.0001    0.0070   -0.0035
   -0.0002    0.0000   -0.0000   -0.0000    0.0001   -0.0035    0.0073

 
You can access the estimated parameters as variable paramhat,
the gradient of the negative of the log-likelihood function as variable grad,
the hessian of the negative of the log-likelihood function as variable hessian,
and the inverse of the hessian as variable ihess.
The hessian is calculated by the BFGS updating procedure.
uiopen('P:\USER\Kenneth.Train\econ 244\problem sets\matlab\ps5\mxlmsl.m',1)
mxlmsl
