  1.3631860e+000  4.0007352e-001  1.9878852e-001
  1.9917005e+000  6.2520102e-001  7.3336280e-001
  1.0747923e+000  3.7588548e-001  9.8764629e-003
  1.6572213e+000  4.1985781e-001  7.5366963e-001
  2.5028712e+000  7.9387177e-001  9.1995721e-001
  1.9259914e+000  8.4472150e-001  3.6775288e-001
  1.9103455e+000  6.2080133e-001  7.3127726e-001
  2.0779826e+000  1.9389318e-001  9.0481233e-001
  1.9675085e+000  5.6920575e-001  6.3178993e-001
  1.4269364e+000  2.3441296e-001  5.4878213e-001
  2.2371773e+000  9.3158335e-001  3.3519743e-001
  1.8531255e+000  6.5553106e-001  3.9190421e-001
  2.3132957e+000  6.2731479e-001  6.9908014e-001
  1.8481742e+000  3.9718395e-001  4.1362890e-001
  2.0146067e+000  6.5521295e-001  8.3758510e-001
  1.3535009e+000  3.7160803e-001  4.2525316e-001
  1.8712114e+000  5.9466337e-001  5.6573857e-001
  1.8665330e+000  7.1654240e-001  5.1131145e-001
  1.7921939e+000  7.7640121e-001  4.8934548e-001
  1.8293804e+000  1.8590445e-001  7.0063541e-001
  2.6592402e+000  9.8270880e-001  8.0663775e-001
  1.7932681e+000  7.0356766e-001  4.8496372e-001
  1.4895739e+000  1.1461282e-001  6.6485557e-001
  1.3368396e+000  3.6537389e-001  1.4004446e-001
  2.2109847e+000  5.6677280e-001  8.2300831e-001
  2.1289817e+000  6.7394863e-001  9.9944730e-001
  1.5861249e+000  9.6163641e-001  5.8862165e-002
  1.6829110e+000  3.6031117e-001  5.4851281e-001
  1.6712775e+000  2.6176957e-001  5.9734485e-001
  1.6393417e+000  4.9277997e-002  5.7105749e-001
  2.1678946e+000  7.0085723e-001  9.6228826e-001
  2.1089693e+000  7.5051823e-001  7.3999305e-001
  1.7407738e+000  4.3187339e-001  6.3426596e-001
  1.6915426e+000  8.0302634e-001  8.3881007e-002
  2.7286336e+000  9.4546279e-001  9.1594246e-001
  1.5309339e+000  6.0198742e-001  2.5356058e-001
  1.7834953e+000  8.7345081e-001  5.1340071e-001
  1.9707882e+000  7.3265065e-001  4.2222659e-001
  1.6517467e+000  9.6137000e-001  7.2059239e-002
  1.6494921e+000  5.5340797e-001  2.9198392e-001
  1.7859747e+000  8.5796351e-001  3.3575514e-001
  1.6972828e+000  6.8020385e-001  5.3444421e-002
  1.7727199e+000  3.5665554e-001  4.9830460e-001
  1.7286247e+000  4.3444054e-001  5.6245842e-001
  1.1600988e+000  6.1662113e-001  1.1333998e-001
  2.2846715e+000  8.9825174e-001  7.5455138e-001
  2.5474011e+000  7.9112320e-001  8.1495207e-001
  1.8735079e+000  6.7000386e-001  2.0087641e-001
  1.4005092e+000  2.7308816e-001  6.2623464e-001
  1.4590179e+000  5.3685169e-001  5.9504051e-002
  1.1561537e+000  8.8961759e-002  2.7130817e-001
  1.4735305e+000  4.0907232e-001  4.7404145e-001
  1.8959429e+000  9.0898935e-001  5.9624714e-001
  1.6840911e+000  3.2895530e-001  4.7819443e-001
  1.4995545e+000  5.9717078e-001  1.6144875e-001
  2.3826457e+000  8.2947425e-001  9.5612241e-001
  1.4347275e+000  5.9554800e-001  2.8748213e-002
  1.9878457e+000  8.1211782e-001  6.1011358e-001
  1.7024321e+000  7.0149260e-001  9.2196203e-002
  1.7556171e+000  4.2488914e-001  3.7557666e-001
  2.2599905e+000  1.6615408e-001  8.3315146e-001
  1.7086776e+000  8.3863970e-001  4.5161403e-001
  1.6643465e+000  9.5660138e-001  1.4715324e-001
  2.4567942e+000  8.6993293e-001  7.6943640e-001
  1.7466880e+000  4.4416162e-001  6.2062012e-001
  1.9323170e+000  9.5168928e-001  6.4000966e-001
  1.5282765e+000  2.4732763e-001  3.5270199e-001
  1.8558787e+000  1.8786048e-001  4.9064436e-001
  1.8115201e+000  4.0927433e-001  4.6352558e-001
  1.9336079e+000  6.1094355e-001  7.1168466e-002
  1.8283626e+000  3.1428029e-001  6.0838366e-001
  2.0256645e+000  1.7502018e-001  6.2102743e-001
  1.5977706e+000  2.4595993e-001  5.8735822e-001
  1.5124742e+000  5.0605345e-001  4.6477892e-001
  2.1203052e+000  5.4141893e-001  9.4232657e-001
  1.8096008e+000  3.4175909e-001  4.0180434e-001
  1.3326646e+000  3.0768794e-001  4.1156796e-001
  1.6534080e+000  2.8593923e-001  3.9412761e-001
  1.8296861e+000  5.0301449e-001  7.2197985e-001
  1.4302023e+000  3.0620855e-001  1.1216371e-001
  1.4768027e+000  4.4328996e-001  4.6676255e-001
  1.6312657e+000  1.4668875e-002  6.6405187e-001
  1.3671084e+000  7.2406171e-001  2.8163360e-001
  1.6829050e+000  2.6181868e-001  7.0847140e-001
  2.4567303e+000  7.8385902e-001  9.8615781e-001
  2.0198358e+000  4.7334271e-001  9.0281883e-001
  2.2324543e+000  4.5105876e-001  8.0451681e-001
  1.6496787e+000  8.2886448e-001  1.6627012e-001
  1.2415155e+000  3.9390601e-001  5.2075748e-001
  1.7326658e+000  7.1812397e-001  5.6918952e-001
  1.9031045e+000  4.6080617e-001  4.4530705e-001
  1.4228116e+000  8.7744606e-002  4.4348322e-001
  1.5848249e+000  3.6629985e-001  3.0253382e-001
  2.4169120e+000  8.5184470e-001  7.5947939e-001
  1.7206374e+000  9.4975928e-001  5.5793851e-001
  1.4227038e+000  1.4233016e-002  5.9617708e-001
  2.2385696e+000  8.1620571e-001  9.7709235e-001
  1.5497573e+000  2.2190808e-001  7.0368367e-001
  2.1052886e+000  5.2206092e-001  9.3289706e-001
  2.0268627e+000  7.1335444e-001  2.2803890e-001
  1.4673686e+000  4.4964210e-001  1.7219970e-001
  2.2584163e+000  9.6882014e-001  3.5571610e-001
  1.5711771e+000  4.9046828e-002  7.5533857e-001
  1.9080604e+000  8.9481276e-001  2.8614965e-001
  1.8171314e+000  2.5120055e-001  9.3273619e-001
  2.0340697e+000  1.3098247e-001  9.4081954e-001
  2.1421033e+000  7.0185317e-001  8.4767647e-001
  1.6236136e+000  2.0927164e-001  4.5509169e-001
  1.9452577e+000  8.1073725e-002  8.5112240e-001
  1.6535994e+000  5.6204868e-001  3.1929630e-001
  2.1686224e+000  3.7489926e-001  8.6779570e-001
  1.8096750e+000  3.7217624e-001  7.3690056e-002
  1.2979008e+000  1.9983800e-001  4.9493280e-002
  1.5332494e+000  5.6670978e-001  1.2192475e-001
  1.6790386e+000  5.2211176e-001  1.1706015e-001
  1.8819217e+000  7.6991848e-001  3.7505580e-001
  1.4844348e+000  8.2338720e-001  4.6636146e-002
  2.3030717e+000  5.9791326e-001  9.4915039e-001
  1.9556363e+000  2.8879765e-001  8.8883261e-001
  1.0714651e+000  1.0158548e-001  6.5314507e-002
  2.2197586e+000  2.3429973e-001  9.3309842e-001
  1.6439834e+000  6.3127896e-002  2.6421766e-001
  1.8382652e+000  9.9953167e-001  2.1198796e-001
